<?xml version="1.0" encoding="utf-8"?><testsuites name="pytest tests"><testsuite name="pytest" errors="0" failures="0" skipped="0" tests="683" time="31.420" timestamp="2026-08-11T22:38:30.623285+01:00" hostname="Ruisth-Desktop"><testcase classname="tests.test_controller_app" name="test_health" time="0.025" /><testcase classname="tests.test_controller_app" name="test_ready_200_when_mqtt_and_ditto_up" time="0.003" /><testcase classname="tests.test_controller_app" name="test_ready_503_when_mqtt_down" time="0.003" /><testcase classname="tests.test_controller_app" name="test_ready_503_when_ditto_down" time="0.003" /><testcase classname="tests.test_controller_app" name="test_ready_503_when_both_down" time="0.003" /><testcase classname="tests.test_controller_app" name="test_twin_read_is_normalized" time="0.003" /><testcase classname="tests.test_controller_app" name="test_twin_read_accepts_full_thing_id" time="0.003" /><testcase classname="tests.test_controller_app" name="test_twin_read_unknown_device_404" time="0.003" /><testcase classname="tests.test_controller_app" name="test_twin_read_malformed_id_404_without_ditto_call[not-a-uuid]" time="0.003" /><testcase classname="tests.test_controller_app" name="test_twin_read_malformed_id_404_without_ditto_call[1B46A1F5-9A3E-4C2D-8F6B-2D9E5A7C1B3D]" time="0.003" /><testcase classname="tests.test_controller_app" name="test_twin_read_malformed_id_404_without_ditto_call[1b46a1f5-9a3e-1c2d-8f6b-2d9e5a7c1b3d]" time="0.003" /><testcase classname="tests.test_controller_app" name="test_twin_read_malformed_id_404_without_ditto_call[1b46a1f5-9a3e-4c2d-0f6b-2d9e5a7c1b3d]" time="0.004" /><testcase classname="tests.test_controller_app" name="test_twin_read_malformed_id_404_without_ditto_call[org.c2dta:not-a-uuid]" time="0.003" /><testcase classname="tests.test_controller_app" name="test_twin_read_malformed_id_404_without_ditto_call[1b46a1f59a3e4c2d8f6b2d9e5a7c1b3d]" time="0.004" /><testcase classname="tests.test_controller_app" name="test_twin_read_malformed_id_404_without_ditto_call[1b46a1f5-9a3e-4c2d-8f6b-2d9e5a7c1b3d0]" time="0.004" /><testcase classname="tests.test_controller_app" name="test_twin_read_ditto_unavailable_502" time="0.003" /><testcase classname="tests.test_controller_app" name="test_metrics_counts_and_uptime" time="0.003" /><testcase classname="tests.test_controller_app" name="test_metrics_confirmation_marker_read_at_request_time" time="0.004" /><testcase classname="tests.test_controller_app" name="test_metrics_marker_uses_the_process_monotonic_clock_by_default" time="0.003" /><testcase classname="tests.test_controller_app" name="test_metrics_marker_does_not_touch_latency_fields" time="0.003" /><testcase classname="tests.test_controller_app" name="test_metrics_wall_utc_is_rfc3339_zulu" time="0.003" /><testcase classname="tests.test_controller_app" name="test_metrics_reports_dropped_and_live_queue_depth" time="0.003" /><testcase classname="tests.test_controller_app" name="test_metrics_rejects_unknown_outcome" time="0.000" /><testcase classname="tests.test_controller_config" name="test_defaults_match_contracts_section_6" time="0.000" /><testcase classname="tests.test_controller_config" name="test_full_env_override" time="0.000" /><testcase classname="tests.test_controller_config" name="test_bool_true_values[1]" time="0.000" /><testcase classname="tests.test_controller_config" name="test_bool_true_values[true]" time="0.000" /><testcase classname="tests.test_controller_config" name="test_bool_true_values[TRUE]" time="0.000" /><testcase classname="tests.test_controller_config" name="test_bool_true_values[yes]" time="0.000" /><testcase classname="tests.test_controller_config" name="test_bool_true_values[on]" time="0.000" /><testcase classname="tests.test_controller_config" name="test_bool_false_values[0]" time="0.000" /><testcase classname="tests.test_controller_config" name="test_bool_false_values[false]" time="0.000" /><testcase classname="tests.test_controller_config" name="test_bool_false_values[False]" time="0.000" /><testcase classname="tests.test_controller_config" name="test_bool_false_values[no]" time="0.000" /><testcase classname="tests.test_controller_config" name="test_bool_false_values[off]" time="0.001" /><testcase classname="tests.test_controller_config" name="test_empty_string_falls_back_to_default" time="0.000" /><testcase classname="tests.test_controller_config" name="test_invalid_bool_raises" time="0.000" /><testcase classname="tests.test_controller_config" name="test_invalid_int_raises" time="0.000" /><testcase classname="tests.test_controller_config" name="test_invalid_auth_mode_raises" time="0.000" /><testcase classname="tests.test_controller_config" name="test_basic_auth_requires_credentials" time="0.000" /><testcase classname="tests.test_controller_config" name="test_retry_max_must_be_positive" time="0.000" /><testcase classname="tests.test_controller_config" name="test_retry_backoff_must_be_non_negative" time="0.000" /><testcase classname="tests.test_controller_config" name="test_out_of_range_port_raises[EGW_MQTT_PORT-0]" time="0.000" /><testcase classname="tests.test_controller_config" name="test_out_of_range_port_raises[EGW_MQTT_PORT-65536]" time="0.001" /><testcase classname="tests.test_controller_config" name="test_out_of_range_port_raises[EGW_HTTP_PORT-0]" time="0.000" /><testcase classname="tests.test_controller_dedupe" name="test_unknown_device_before_seeding" time="0.000" /><testcase classname="tests.test_controller_dedupe" name="test_seed_with_none_twin_starts_empty" time="0.000" /><testcase classname="tests.test_controller_dedupe" name="test_fresh_message_then_replay_is_duplicate" time="0.000" /><testcase classname="tests.test_controller_dedupe" name="test_seq_regression_within_same_run_is_duplicate" time="0.000" /><testcase classname="tests.test_controller_dedupe" name="test_record_advances_state" time="0.000" /><testcase classname="tests.test_controller_dedupe" name="test_record_never_decreases_last_seq_within_run" time="0.000" /><testcase classname="tests.test_controller_dedupe" name="test_warmup_then_measured_run_restarts_seq_at_zero" time="0.000" /><testcase classname="tests.test_controller_dedupe" name="test_replayed_message_id_still_duplicate_across_run_switch" time="0.000" /><testcase classname="tests.test_controller_dedupe" name="test_consecutive_runs_each_restart_at_zero" time="0.000" /><testcase classname="tests.test_controller_dedupe" name="test_seed_from_twin_restores_ingestion_state_same_run" time="0.000" /><testcase classname="tests.test_controller_dedupe" name="test_seed_from_twin_different_incoming_run_resets_floor" time="0.000" /><testcase classname="tests.test_controller_dedupe" name="test_seed_from_legacy_twin_without_last_run_id_is_safe" time="0.000" /><testcase classname="tests.test_controller_dedupe" name="test_seed_from_twin_with_empty_ingestion_is_unknown_state" time="0.000" /><testcase classname="tests.test_controller_dedupe" name="test_seed_from_twin_tolerates_malformed_ingestion" time="0.000" /><testcase classname="tests.test_controller_dedupe" name="test_message_id_lru_is_bounded" time="0.000" /><testcase classname="tests.test_controller_dedupe" name="test_devices_are_independent" time="0.000" /><testcase classname="tests.test_controller_dedupe" name="test_invalid_capacity_raises" time="0.000" /><testcase classname="tests.test_controller_ditto" name="test_patch_success_first_attempt" time="0.001" /><testcase classname="tests.test_controller_ditto" name="test_4xx_is_never_retried" time="0.001" /><testcase classname="tests.test_controller_ditto" name="test_5xx_retried_then_success" time="0.001" /><testcase classname="tests.test_controller_ditto" name="test_retries_exhausted_raises_unavailable" time="0.001" /><testcase classname="tests.test_controller_ditto" name="test_connect_errors_are_retried" time="0.001" /><testcase classname="tests.test_controller_ditto" name="test_connect_errors_exhausted" time="0.001" /><testcase classname="tests.test_controller_ditto" name="test_custom_retry_knobs" time="0.001" /><testcase classname="tests.test_controller_ditto" name="test_pre_auth_header_present_and_no_basic" time="0.001" /><testcase classname="tests.test_controller_ditto" name="test_basic_auth_header_present_and_no_preauth" time="0.001" /><testcase classname="tests.test_controller_ditto" name="test_basic_auth_requires_credentials" time="0.000" /><testcase classname="tests.test_controller_ditto" name="test_ensure_twin_puts_policy_then_thing" time="0.002" /><testcase classname="tests.test_controller_ditto" name="test_ensure_twin_policy_4xx_stops_before_thing" time="0.001" /><testcase classname="tests.test_controller_ditto" name="test_get_twin_returns_json" time="0.001" /><testcase classname="tests.test_controller_ditto" name="test_get_twin_404_returns_none" time="0.001" /><testcase classname="tests.test_controller_ditto" name="test_get_twin_other_4xx_raises" time="0.001" /><testcase classname="tests.test_controller_ditto" name="test_is_ready_true_on_http_answer" time="0.001" /><testcase classname="tests.test_controller_ditto" name="test_is_ready_false_on_5xx_or_transport_error" time="0.001" /><testcase classname="tests.test_controller_ditto" name="test_merge_patch_shape_smartwatch" time="0.000" /><testcase classname="tests.test_controller_ditto" name="test_merge_patch_shape_smart_ring" time="0.000" /><testcase classname="tests.test_controller_ditto" name="test_merge_patch_shape_smart_clothing" time="0.000" /><testcase classname="tests.test_controller_ditto" name="test_merge_patch_unknown_device_type_raises" time="0.000" /><testcase classname="tests.test_controller_ditto" name="test_normalize_twin_shape" time="0.001" /><testcase classname="tests.test_controller_ditto" name="test_normalize_twin_tolerates_missing_sections" time="0.000" /><testcase classname="tests.test_controller_events" name="test_contract_field_set_is_exact" time="0.000" /><testcase classname="tests.test_controller_events" name="test_accepted_event_line_has_exact_fields" time="0.012" /><testcase classname="tests.test_controller_events" name="test_non_accepted_events_have_null_ack_and_latency[rejected]" time="0.003" /><testcase classname="tests.test_controller_events" name="test_non_accepted_events_have_null_ack_and_latency[duplicate]" time="0.002" /><testcase classname="tests.test_controller_events" name="test_non_accepted_events_have_null_ack_and_latency[failed]" time="0.003" /><testcase classname="tests.test_controller_events" name="test_malformed_payload_event_serializes_null_identity" time="0.002" /><testcase classname="tests.test_controller_events" name="test_unsafe_run_id_goes_to_unknown_bucket[..]" time="0.002" /><testcase classname="tests.test_controller_events" name="test_unsafe_run_id_goes_to_unknown_bucket[a/b]" time="0.002" /><testcase classname="tests.test_controller_events" name="test_unsafe_run_id_goes_to_unknown_bucket[xxxxxxxxxxxxxxxxxxxxxxxxxxxxxxxxxxxxxxxxxxxxxxxxxxxxxxxxxxxxxxxxx]" time="0.002" /><testcase classname="tests.test_controller_events" name="test_unsafe_run_id_goes_to_unknown_bucket[run id]" time="0.002" /><testcase classname="tests.test_controller_events" name="test_one_file_per_run_id" time="0.006" /><testcase classname="tests.test_controller_events" name="test_lines_are_flushed_while_file_stays_open" time="0.004" /><testcase classname="tests.test_controller_events" name="test_reopen_after_close_appends" time="0.003" /><testcase classname="tests.test_controller_events" name="test_invalid_outcome_raises" time="0.001" /><testcase classname="tests.test_controller_events" name="test_accepted_without_ack_raises" time="0.002" /><testcase classname="tests.test_controller_events" name="test_rejected_with_ack_raises" time="0.001" /><testcase classname="tests.test_controller_mqtt" name="test_start_connects_and_runs_network_loop" time="0.001" /><testcase classname="tests.test_controller_mqtt" name="test_on_connect_subscribes_qos1_but_not_ready_before_suback" time="0.001" /><testcase classname="tests.test_controller_mqtt" name="test_suback_granted_sets_connected[0]" time="0.001" /><testcase classname="tests.test_controller_mqtt" name="test_suback_granted_sets_connected[1]" time="0.001" /><testcase classname="tests.test_controller_mqtt" name="test_suback_denied_stays_not_ready" time="0.001" /><testcase classname="tests.test_controller_mqtt" name="test_suback_for_unexpected_mid_is_ignored" time="0.001" /><testcase classname="tests.test_controller_mqtt" name="test_subscribe_request_failure_stays_not_ready" time="0.001" /><testcase classname="tests.test_controller_mqtt" name="test_failed_connect_does_not_subscribe" time="0.001" /><testcase classname="tests.test_controller_mqtt" name="test_disconnect_clears_connected_flag" time="0.001" /><testcase classname="tests.test_controller_mqtt" name="test_on_message_bridges_into_event_loop_with_arrival_clock" time="0.001" /><testcase classname="tests.test_controller_mqtt" name="test_message_before_start_is_dropped" time="0.001" /><testcase classname="tests.test_controller_mqtt" name="test_payload_is_copied_to_bytes" time="0.001" /><testcase classname="tests.test_controller_mqtt" name="test_build_client_wires_tls_and_credentials" time="0.000" /><testcase classname="tests.test_controller_mqtt" name="test_build_client_without_tls_never_calls_tls_set" time="0.000" /><testcase classname="tests.test_controller_schema" name="test_repository_knows_all_device_types" time="0.007" /><testcase classname="tests.test_controller_schema" name="test_valid_payload_accepted[smartwatch]" time="0.002" /><testcase classname="tests.test_controller_schema" name="test_valid_payload_accepted[smart_ring]" time="0.001" /><testcase classname="tests.test_controller_schema" name="test_valid_payload_accepted[smart_clothing]" time="0.001" /><testcase classname="tests.test_controller_schema" name="test_out_of_range_value_rejected[smartwatch-heart_rate_bpm-24]" time="0.001" /><testcase classname="tests.test_controller_schema" name="test_out_of_range_value_rejected[smartwatch-heart_rate_bpm-251]" time="0.001" /><testcase classname="tests.test_controller_schema" name="test_out_of_range_value_rejected[smartwatch-lat-90.5]" time="0.001" /><testcase classname="tests.test_controller_schema" name="test_out_of_range_value_rejected[smartwatch-lon--180.5]" time="0.001" /><testcase classname="tests.test_controller_schema" name="test_out_of_range_value_rejected[smart_ring-skin_temp_c-29.9]" time="0.001" /><testcase classname="tests.test_controller_schema" name="test_out_of_range_value_rejected[smart_ring-spo2_pct-101]" time="0.001" /><testcase classname="tests.test_controller_schema" name="test_out_of_range_value_rejected[smart_clothing-accel_x-78.5]" time="0.001" /><testcase classname="tests.test_controller_schema" name="test_out_of_range_value_rejected[smart_clothing-breathing_rpm-3.9]" time="0.001" /><testcase classname="tests.test_controller_schema" name="test_missing_field_rejected[smartwatch-heart_rate_bpm]" time="0.001" /><testcase classname="tests.test_controller_schema" name="test_missing_field_rejected[smartwatch-run_id]" time="0.001" /><testcase classname="tests.test_controller_schema" name="test_missing_field_rejected[smart_ring-spo2_pct]" time="0.001" /><testcase classname="tests.test_controller_schema" name="test_missing_field_rejected[smart_ring-message_id]" time="0.001" /><testcase classname="tests.test_controller_schema" name="test_missing_field_rejected[smart_clothing-breathing_rpm]" time="0.001" /><testcase classname="tests.test_controller_schema" name="test_missing_field_rejected[smart_clothing-seq]" time="0.001" /><testcase classname="tests.test_controller_schema" name="test_extra_field_rejected_by_unevaluated_properties[smartwatch]" time="0.001" /><testcase classname="tests.test_controller_schema" name="test_extra_field_rejected_by_unevaluated_properties[smart_ring]" time="0.001" /><testcase classname="tests.test_controller_schema" name="test_extra_field_rejected_by_unevaluated_properties[smart_clothing]" time="0.001" /><testcase classname="tests.test_controller_schema" name="test_wrong_device_type_claim_rejected" time="0.001" /><testcase classname="tests.test_controller_schema" name="test_unknown_device_type_rejected" time="0.000" /><testcase classname="tests.test_controller_schema" name="test_missing_device_type_rejected" time="0.000" /><testcase classname="tests.test_controller_schema" name="test_non_object_payload_rejected[None]" time="0.000" /><testcase classname="tests.test_controller_schema" name="test_non_object_payload_rejected[42]" time="0.000" /><testcase classname="tests.test_controller_schema" name="test_non_object_payload_rejected[text]" time="0.000" /><testcase classname="tests.test_controller_schema" name="test_non_object_payload_rejected[payload3]" time="0.000" /><testcase classname="tests.test_controller_schema" name="test_bad_schema_version_rejected" time="0.000" /><testcase classname="tests.test_controller_schema" name="test_date_time_format_is_asserted_not_merely_annotated" time="0.000" /><testcase classname="tests.test_controller_schema" name="test_valid_rfc3339_timestamp_accepted[smartwatch-2026-08-07T12:00:00Z]" time="0.001" /><testcase classname="tests.test_controller_schema" name="test_valid_rfc3339_timestamp_accepted[smartwatch-2026-08-07T12:00:00.7Z]" time="0.001" /><testcase classname="tests.test_controller_schema" name="test_valid_rfc3339_timestamp_accepted[smartwatch-2026-08-07T12:00:00.789Z]" time="0.001" /><testcase classname="tests.test_controller_schema" name="test_valid_rfc3339_timestamp_accepted[smartwatch-2026-08-07T12:00:00.123456Z]" time="0.000" /><testcase classname="tests.test_controller_schema" name="test_valid_rfc3339_timestamp_accepted[smartwatch-2024-02-29T23:59:59.999Z]" time="0.001" /><testcase classname="tests.test_controller_schema" name="test_valid_rfc3339_timestamp_accepted[smartwatch-2026-12-31T00:00:00Z]" time="0.001" /><testcase classname="tests.test_controller_schema" name="test_valid_rfc3339_timestamp_accepted[smart_ring-2026-08-07T12:00:00Z]" time="0.001" /><testcase classname="tests.test_controller_schema" name="test_valid_rfc3339_timestamp_accepted[smart_ring-2026-08-07T12:00:00.7Z]" time="0.001" /><testcase classname="tests.test_controller_schema" name="test_valid_rfc3339_timestamp_accepted[smart_ring-2026-08-07T12:00:00.789Z]" time="0.001" /><testcase classname="tests.test_controller_schema" name="test_valid_rfc3339_timestamp_accepted[smart_ring-2026-08-07T12:00:00.123456Z]" time="0.001" /><testcase classname="tests.test_controller_schema" name="test_valid_rfc3339_timestamp_accepted[smart_ring-2024-02-29T23:59:59.999Z]" time="0.001" /><testcase classname="tests.test_controller_schema" name="test_valid_rfc3339_timestamp_accepted[smart_ring-2026-12-31T00:00:00Z]" time="0.001" /><testcase classname="tests.test_controller_schema" name="test_valid_rfc3339_timestamp_accepted[smart_clothing-2026-08-07T12:00:00Z]" time="0.001" /><testcase classname="tests.test_controller_schema" name="test_valid_rfc3339_timestamp_accepted[smart_clothing-2026-08-07T12:00:00.7Z]" time="0.001" /><testcase classname="tests.test_controller_schema" name="test_valid_rfc3339_timestamp_accepted[smart_clothing-2026-08-07T12:00:00.789Z]" time="0.001" /><testcase classname="tests.test_controller_schema" name="test_valid_rfc3339_timestamp_accepted[smart_clothing-2026-08-07T12:00:00.123456Z]" time="0.001" /><testcase classname="tests.test_controller_schema" name="test_valid_rfc3339_timestamp_accepted[smart_clothing-2024-02-29T23:59:59.999Z]" time="0.001" /><testcase classname="tests.test_controller_schema" name="test_valid_rfc3339_timestamp_accepted[smart_clothing-2026-12-31T00:00:00Z]" time="0.000" /><testcase classname="tests.test_controller_schema" name="test_impossible_calendar_or_clock_timestamp_rejected[2026-99-40T25:61:61Z]" time="0.001" /><testcase classname="tests.test_controller_schema" name="test_impossible_calendar_or_clock_timestamp_rejected[2026-13-01T00:00:00Z]" time="0.001" /><testcase classname="tests.test_controller_schema" name="test_impossible_calendar_or_clock_timestamp_rejected[2026-00-10T00:00:00Z]" time="0.001" /><testcase classname="tests.test_controller_schema" name="test_impossible_calendar_or_clock_timestamp_rejected[2026-02-30T12:00:00Z]" time="0.000" /><testcase classname="tests.test_controller_schema" name="test_impossible_calendar_or_clock_timestamp_rejected[2025-02-29T12:00:00Z]" time="0.000" /><testcase classname="tests.test_controller_schema" name="test_impossible_calendar_or_clock_timestamp_rejected[2026-04-31T12:00:00Z]" time="0.001" /><testcase classname="tests.test_controller_schema" name="test_impossible_calendar_or_clock_timestamp_rejected[2026-08-00T12:00:00Z]" time="0.001" /><testcase classname="tests.test_controller_schema" name="test_impossible_calendar_or_clock_timestamp_rejected[2026-08-07T24:00:00Z]" time="0.001" /><testcase classname="tests.test_controller_schema" name="test_impossible_calendar_or_clock_timestamp_rejected[2026-08-07T12:60:00Z]" time="0.000" /><testcase classname="tests.test_controller_schema" name="test_impossible_calendar_or_clock_timestamp_rejected[2026-08-07T12:00:61Z]" time="0.001" /><testcase classname="tests.test_controller_schema" name="test_non_rfc3339_utc_timestamp_rejected[2026-08-07T12:00:00]" time="0.001" /><testcase classname="tests.test_controller_schema" name="test_non_rfc3339_utc_timestamp_rejected[2026-08-07T12:00:00+01:00]" time="0.001" /><testcase classname="tests.test_controller_schema" name="test_non_rfc3339_utc_timestamp_rejected[2026-08-07T12:00:00z]" time="0.000" /><testcase classname="tests.test_controller_schema" name="test_non_rfc3339_utc_timestamp_rejected[2026-08-07 12:00:00Z]" time="0.001" /><testcase classname="tests.test_controller_schema" name="test_non_rfc3339_utc_timestamp_rejected[2026-08-07T12:00:00.Z]" time="0.001" /><testcase classname="tests.test_controller_schema" name="test_non_rfc3339_utc_timestamp_rejected[2026-08-07T12:00:00.1234567Z]" time="0.001" /><testcase classname="tests.test_controller_schema" name="test_non_rfc3339_utc_timestamp_rejected[not-a-timestamp]" time="0.001" /><testcase classname="tests.test_controller_schema" name="test_error_carries_json_paths" time="0.000" /><testcase classname="tests.test_controller_schema" name="test_missing_schema_dir_raises" time="0.000" /><testcase classname="tests.test_controller_service" name="test_accepted_first_contact_creates_twin" time="0.011" /><testcase classname="tests.test_controller_service" name="test_accepted_sequence_increments_ingestion_count" time="0.004" /><testcase classname="tests.test_controller_service" name="test_accepted_all_device_types" time="0.010" /><testcase classname="tests.test_controller_service" name="test_seeding_from_existing_twin_restores_dedupe" time="0.009" /><testcase classname="tests.test_controller_service" name="test_warmup_then_measured_run_first_seq_accepted" time="0.010" /><testcase classname="tests.test_controller_service" name="test_replayed_message_id_rejected_across_run_switch" time="0.005" /><testcase classname="tests.test_controller_service" name="test_seeding_from_twin_of_other_run_resets_floor" time="0.004" /><testcase classname="tests.test_controller_service" name="test_seeding_from_legacy_twin_without_last_run_id" time="0.004" /><testcase classname="tests.test_controller_service" name="test_rejected_invalid_json_has_null_identity" time="0.007" /><testcase classname="tests.test_controller_service" name="test_rejected_schema_violation_no_ditto_calls" time="0.003" /><testcase classname="tests.test_controller_service" name="test_rejected_bad_topic" time="0.003" /><testcase classname="tests.test_controller_service" name="test_rejected_topic_payload_device_mismatch" time="0.008" /><testcase classname="tests.test_controller_service" name="test_rejected_topic_payload_egw_mismatch" time="0.004" /><testcase classname="tests.test_controller_service" name="test_rejected_non_standard_json_constant[NaN]" time="0.007" /><testcase classname="tests.test_controller_service" name="test_rejected_non_standard_json_constant[Infinity]" time="0.004" /><testcase classname="tests.test_controller_service" name="test_rejected_non_standard_json_constant[-Infinity]" time="0.003" /><testcase classname="tests.test_controller_service" name="test_non_standard_json_constant_never_reaches_the_twin" time="0.004" /><testcase classname="tests.test_controller_service" name="test_namespace_matches_the_simulator_constant" time="0.000" /><testcase classname="tests.test_controller_service" name="test_controller_does_not_import_the_simulator_at_runtime" time="0.001" /><testcase classname="tests.test_controller_service" name="test_derived_message_id_matches_the_simulator_derivation" time="0.000" /><testcase classname="tests.test_controller_service" name="test_rejected_message_id_not_derived_from_envelope[other_seq-5ff35ae0-d6da-5c79-abf8-8a91c3e44fdc]" time="0.008" /><testcase classname="tests.test_controller_service" name="test_rejected_message_id_not_derived_from_envelope[other_run-79180d7b-7ae6-5c1c-ad97-8a63a8ff1e40]" time="0.004" /><testcase classname="tests.test_controller_service" name="test_rejected_message_id_not_derived_from_envelope[other_device-7b943b28-d438-5ea8-a26f-6b65e833b111]" time="0.003" /><testcase classname="tests.test_controller_service" name="test_rejected_message_id_not_derived_from_envelope[foreign_namespace-0792ef8b-c32f-50d2-9ad6-dcef3151f9aa]" time="0.004" /><testcase classname="tests.test_controller_service" name="test_forged_message_id_rejected_before_dedupe_and_seeding" time="0.004" /><testcase classname="tests.test_controller_service" name="test_genuine_message_id_still_accepted_for_every_device_type" time="0.009" /><testcase classname="tests.test_controller_service" name="test_duplicate_message_id_replay" time="0.004" /><testcase classname="tests.test_controller_service" name="test_duplicate_seq_regression" time="0.004" /><testcase classname="tests.test_controller_service" name="test_failed_patch_after_retries" time="0.004" /><testcase classname="tests.test_controller_service" name="test_failed_patch_does_not_mark_message_as_seen" time="0.007" /><testcase classname="tests.test_controller_service" name="test_failed_seeding_get_twin" time="0.004" /><testcase classname="tests.test_controller_service" name="test_run_drains_queue_until_stop" time="0.009" /><testcase classname="tests.test_controller_service" name="test_mixed_batch_counts_all_four_outcomes" time="0.009" /><testcase classname="tests.test_controller_service" name="test_queue_full_drops_message_and_counts_dropped" time="0.002" /><testcase classname="tests.test_controller_service" name="test_inbound_message_is_immutable" time="0.000" /><testcase classname="tests.test_controller_topic" name="test_valid_topic_parses" time="0.000" /><testcase classname="tests.test_controller_topic" name="test_valid_topic_with_dotted_egw_id" time="0.000" /><testcase classname="tests.test_controller_topic" name="test_invalid_topic_raises[]" time="0.000" /><testcase classname="tests.test_controller_topic" name="test_invalid_topic_raises[c2dt]" time="0.000" /><testcase classname="tests.test_controller_topic" name="test_invalid_topic_raises[c2dt/egw-01/telemetry]" time="0.000" /><testcase classname="tests.test_controller_topic" name="test_invalid_topic_raises[c2dt/egw-01/1b46a1f5-9a3e-4c2d-8f6b-2d9e5a7c1b3d/telemetry/extra]" time="0.000" /><testcase classname="tests.test_controller_topic" name="test_invalid_topic_raises[other/egw-01/1b46a1f5-9a3e-4c2d-8f6b-2d9e5a7c1b3d/telemetry]" time="0.000" /><testcase classname="tests.test_controller_topic" name="test_invalid_topic_raises[C2DT/egw-01/1b46a1f5-9a3e-4c2d-8f6b-2d9e5a7c1b3d/telemetry]" time="0.000" /><testcase classname="tests.test_controller_topic" name="test_invalid_topic_raises[c2dt/egw-01/1b46a1f5-9a3e-4c2d-8f6b-2d9e5a7c1b3d/events]" time="0.000" /><testcase classname="tests.test_controller_topic" name="test_invalid_topic_raises[c2dt/egw-01/1b46a1f5-9a3e-4c2d-8f6b-2d9e5a7c1b3d/Telemetry]" time="0.000" /><testcase classname="tests.test_controller_topic" name="test_invalid_topic_raises[c2dt//1b46a1f5-9a3e-4c2d-8f6b-2d9e5a7c1b3d/telemetry]" time="0.000" /><testcase classname="tests.test_controller_topic" name="test_invalid_topic_raises[c2dt/egw 01/1b46a1f5-9a3e-4c2d-8f6b-2d9e5a7c1b3d/telemetry]" time="0.000" /><testcase classname="tests.test_controller_topic" name="test_invalid_topic_raises[c2dt/egw#01/1b46a1f5-9a3e-4c2d-8f6b-2d9e5a7c1b3d/telemetry]" time="0.000" /><testcase classname="tests.test_controller_topic" name="test_invalid_topic_raises[c2dt/xxxxxxxxxxxxxxxxxxxxxxxxxxxxxxxxxxxxxxxxxxxxxxxxxxxxxxxxxxxxxxxxx/1b46a1f5-9a3e-4c2d-8f6b-2d9e5a7c1b3d/telemetry]" time="0.000" /><testcase classname="tests.test_controller_topic" name="test_invalid_topic_raises[c2dt/egw-01//telemetry]" time="0.000" /><testcase classname="tests.test_controller_topic" name="test_invalid_topic_raises[c2dt/egw-01/not-a-uuid/telemetry]" time="0.000" /><testcase classname="tests.test_controller_topic" name="test_invalid_topic_raises[c2dt/egw-01/6b1a3f52-8c1e-5e2b-9f0d-c2d7a1e4b8a0/telemetry]" time="0.000" /><testcase classname="tests.test_controller_topic" name="test_invalid_topic_raises[c2dt/egw-01/1B46A1F5-9A3E-4C2D-8F6B-2D9E5A7C1B3D/telemetry]" time="0.000" /><testcase classname="tests.test_controller_topic" name="test_invalid_topic_raises[c2dt/egw-01/1b46a1f5-9a3e-4c2d-7f6b-2d9e5a7c1b3d/telemetry]" time="0.000" /><testcase classname="tests.test_controller_topic" name="test_error_message_mentions_topic" time="0.000" /><testcase classname="tests.test_experiments_analyze" name="test_delivery_all_accepted" time="0.014" /><testcase classname="tests.test_experiments_analyze" name="test_delivery_duplicates_counted_separately_and_once" time="0.015" /><testcase classname="tests.test_experiments_analyze" name="test_intended_invalid_rejected_is_validation_success_not_loss" time="0.021" /><testcase classname="tests.test_experiments_analyze" name="test_lost_message_counts_against_delivery_rate" time="0.017" /><testcase classname="tests.test_experiments_analyze" name="test_late_confirmation_past_60s_window_counts_as_lost" time="0.016" /><testcase classname="tests.test_experiments_analyze" name="test_valid_rejected_message_is_lost_and_counted_rejected" time="0.017" /><testcase classname="tests.test_experiments_analyze" name="test_late_message_past_controller_deadline_is_lost_even_when_it_is_the_max_event" time="0.020" /><testcase classname="tests.test_experiments_analyze" name="test_controller_marker_deadline_boundary_is_inclusive" time="0.012" /><testcase classname="tests.test_experiments_analyze" name="test_legacy_event_derived_deadline_in_window_vs_late" time="0.008" /><testcase classname="tests.test_experiments_analyze" name="test_zero_events_fall_back_to_manifest_deadline" time="0.011" /><testcase classname="tests.test_experiments_analyze" name="test_harness_host_deadline_is_ignored_in_favour_of_event_derived" time="0.018" /><testcase classname="tests.test_experiments_analyze" name="test_controller_marker_before_last_received_event_is_flagged" time="0.014" /><testcase classname="tests.test_experiments_analyze" name="test_accepted_event_without_ack_counts_but_warns" time="0.018" /><testcase classname="tests.test_experiments_analyze" name="test_measured_run_after_warmup_has_zero_duplicates" time="0.015" /><testcase classname="tests.test_experiments_analyze" name="test_intended_invalid_accepted_is_flagged_and_delivered_unchanged" time="0.018" /><testcase classname="tests.test_experiments_analyze" name="test_confirmed_message_id_absent_from_sent_events_is_unmatched" time="0.022" /><testcase classname="tests.test_experiments_analyze" name="test_run_dir_with_only_manifest_returns_none" time="0.008" /><testcase classname="tests.test_experiments_analyze" name="test_manifest_without_deadline_warns" time="0.016" /><testcase classname="tests.test_experiments_analyze" name="test_run_without_any_deadline_source_warns_and_counts_all_in_window" time="0.013" /><testcase classname="tests.test_experiments_analyze" name="test_percentile_linear_interpolation" time="0.000" /><testcase classname="tests.test_experiments_analyze" name="test_per_run_latency_stats_from_accepted_events" time="0.010" /><testcase classname="tests.test_experiments_analyze" name="test_ci95_hand_computed_example" time="0.000" /><testcase classname="tests.test_experiments_analyze" name="test_ci95_undefined_for_single_run" time="0.000" /><testcase classname="tests.test_experiments_analyze" name="test_t_table_spot_values_and_conservative_fallback" time="0.000" /><testcase classname="tests.test_experiments_analyze" name="test_sustained_cpu_seconds" time="0.000" /><testcase classname="tests.test_experiments_analyze" name="test_sustained_cpu_gap_over_cadence_cap_breaks_the_streak" time="0.000" /><testcase classname="tests.test_experiments_analyze" name="test_queue_growth_gap_over_cadence_cap_breaks_the_window" time="0.000" /><testcase classname="tests.test_experiments_analyze" name="test_saturation_triggers_on_loss_criterion" time="0.000" /><testcase classname="tests.test_experiments_analyze" name="test_saturation_triggers_on_p95_criterion" time="0.000" /><testcase classname="tests.test_experiments_analyze" name="test_saturation_triggers_on_sustained_host_cpu_criterion" time="0.000" /><testcase classname="tests.test_experiments_analyze" name="test_saturation_cpu_fraction_below_half_is_not_saturated" time="0.000" /><testcase classname="tests.test_experiments_analyze" name="test_saturation_cpu_fraction_at_least_half_is_saturated" time="0.000" /><testcase classname="tests.test_experiments_analyze" name="test_saturation_triggers_on_queue_growth_criterion" time="0.000" /><testcase classname="tests.test_experiments_analyze" name="test_saturation_criteria_not_evaluable_without_instrumentation" time="0.000" /><testcase classname="tests.test_experiments_analyze" name="test_saturation_not_triggered_below_thresholds" time="0.000" /><testcase classname="tests.test_experiments_analyze" name="test_saturation_planned_loads_without_runs_are_insufficient_evidence" time="0.000" /><testcase classname="tests.test_experiments_analyze" name="test_saturation_nine_of_ten_valid_runs_is_insufficient_evidence" time="0.000" /><testcase classname="tests.test_experiments_analyze" name="test_saturation_run_below_resource_coverage_is_insufficient_evidence" time="0.000" /><testcase classname="tests.test_experiments_analyze" name="test_saturation_run_without_metrics_is_insufficient_not_unsaturated" time="0.000" /><testcase classname="tests.test_experiments_analyze" name="test_saturation_invalid_and_excluded_sweep_rows_are_refiltered" time="0.000" /><testcase classname="tests.test_experiments_analyze" name="test_queue_growth_61_increasing_samples_above_floor_span_60s" time="0.000" /><testcase classname="tests.test_experiments_analyze" name="test_queue_growth_below_floor_never_counts" time="0.000" /><testcase classname="tests.test_experiments_analyze" name="test_queue_growth_plateau_breaks_the_window" time="0.000" /><testcase classname="tests.test_experiments_analyze" name="test_queue_growth_dip_below_floor_resets" time="0.000" /><testcase classname="tests.test_experiments_analyze" name="test_host_cpu_series_normalizes_by_nproc" time="0.000" /><testcase classname="tests.test_experiments_analyze" name="test_host_cpu_sustained_seconds_thresholds" time="0.000" /><testcase classname="tests.test_experiments_analyze" name="test_compute_run_metrics_host_cpu_from_sut_environment" time="0.018" /><testcase classname="tests.test_experiments_analyze" name="test_compute_run_metrics_without_nproc_flags_host_cpu_not_evaluable" time="0.016" /><testcase classname="tests.test_experiments_analyze" name="test_resources_filtered_to_measured_window" time="0.011" /><testcase classname="tests.test_experiments_analyze" name="test_controller_metrics_filtered_to_measured_window" time="0.019" /><testcase classname="tests.test_experiments_analyze" name="test_missing_measured_window_aggregates_unfiltered_with_warning" time="0.011" /><testcase classname="tests.test_experiments_analyze" name="test_queue_growth_detected_from_controller_metrics_csv" time="0.020" /><testcase classname="tests.test_experiments_analyze" name="test_double_accepted_counted_for_restart_acceptance" time="0.013" /><testcase classname="tests.test_experiments_analyze" name="test_sampling_stats_coverage_and_gaps" time="0.002" /><testcase classname="tests.test_experiments_analyze" name="test_per_run_coverage_columns_computed_from_csvs" time="0.035" /><testcase classname="tests.test_experiments_analyze" name="test_metrics_accepted_delta_and_events_accepted_total" time="0.025" /><testcase classname="tests.test_experiments_analyze" name="test_simulator_manifest_totals_read_for_dropout_runs" time="0.037" /><testcase classname="tests.test_experiments_analyze" name="test_restart_hook_record_read_from_manifest" time="0.027" /><testcase classname="tests.test_experiments_analyze" name="test_analyze_end_to_end_dropout_acceptance_from_files" time="0.405" /><testcase classname="tests.test_experiments_analyze" name="test_analyze_end_to_end_regenerates_processed_outputs" time="0.046" /><testcase classname="tests.test_experiments_analyze" name="test_summary_ci_matches_hand_computed_value_across_runs" time="0.066" /><testcase classname="tests.test_experiments_analyze" name="test_invalid_runs_excluded_from_aggregation_but_listed" time="0.057" /><testcase classname="tests.test_experiments_analyze" name="test_legacy_manifest_without_validity_key_still_aggregated" time="0.018" /><testcase classname="tests.test_experiments_analyze" name="test_per_run_reports_resource_source_and_flags_non_sut" time="0.028" /><testcase classname="tests.test_experiments_analyze" name="test_manifest_deviations_listed_as_per_run_warning" time="0.025" /><testcase classname="tests.test_experiments_analyze" name="test_read_resources_csv_accepts_old_and_new_headers" time="0.010" /><testcase classname="tests.test_experiments_analyze" name="test_acceptance_smoke_sequence_all_complete_zero_lost" time="0.000" /><testcase classname="tests.test_experiments_analyze" name="test_acceptance_smoke_sequence_fails_on_missing_run_or_loss" time="0.000" /><testcase classname="tests.test_experiments_analyze" name="test_acceptance_smoke_sequence_invalid_run_fails_completeness" time="0.000" /><testcase classname="tests.test_experiments_analyze" name="test_acceptance_invalid_payload_rejection_criteria" time="0.000" /><testcase classname="tests.test_experiments_analyze" name="test_acceptance_dropout_reconnect_tolerates_buffered_redelivery" time="0.000" /><testcase classname="tests.test_experiments_analyze" name="test_acceptance_dropout_one_of_three_runs_fails_completeness" time="0.000" /><testcase classname="tests.test_experiments_analyze" name="test_acceptance_dropout_requires_real_disconnects_every_run" time="0.000" /><testcase classname="tests.test_experiments_analyze" name="test_acceptance_controller_metrics_reconciliation" time="0.000" /><testcase classname="tests.test_experiments_analyze" name="test_acceptance_controller_restart_criteria" time="0.000" /><testcase classname="tests.test_experiments_analyze" name="test_acceptance_restart_without_hook_record_fails" time="0.000" /><testcase classname="tests.test_experiments_analyze" name="test_acceptance_soak_definition_of_done_passes_when_all_met" time="0.000" /><testcase classname="tests.test_experiments_analyze" name="test_acceptance_soak_shorter_than_24h_fails_window_criterion_only" time="0.000" /><testcase classname="tests.test_experiments_analyze" name="test_acceptance_soak_90s_metrics_gap_fails_cadence_not_interruption" time="0.000" /><testcase classname="tests.test_experiments_analyze" name="test_acceptance_soak_truncated_tail_fails_interruption_criterion" time="0.000" /><testcase classname="tests.test_experiments_analyze" name="test_acceptance_soak_missing_window_or_stats_fails_not_blank" time="0.000" /><testcase classname="tests.test_experiments_analyze" name="test_acceptance_without_runs_emits_failed_rows_for_all_conditions" time="0.000" /><testcase classname="tests.test_experiments_analyze" name="test_acceptance_full_synthetic_campaign_passes_every_criterion" time="0.000" /><testcase classname="tests.test_experiments_analyze" name="test_analyze_summarizes_external_cold_start_durations" time="0.042" /><testcase classname="tests.test_experiments_analyze" name="test_analyze_lists_qemu_boots_pass_fail_without_stats" time="0.012" /><testcase classname="tests.test_experiments_analyze" name="test_excluded_external_run_out_of_duration_summary" time="0.027" /><testcase classname="tests.test_experiments_analyze" name="test_soak_summary_is_descriptive_without_ci" time="0.017" /><testcase classname="tests.test_experiments_analyze" name="test_check_run_integrity_verdicts" time="0.040" /><testcase classname="tests.test_experiments_analyze" name="test_per_run_flags_integrity_failure_with_loud_warning" time="0.014" /><testcase classname="tests.test_experiments_analyze" name="test_per_run_flags_unsealed_run" time="0.008" /><testcase classname="tests.test_experiments_analyze" name="test_analyze_excludes_tampered_run_from_aggregation" time="0.030" /><testcase classname="tests.test_experiments_analyze" name="test_analyze_excludes_unsealed_timed_run_from_aggregation" time="0.017" /><testcase classname="tests.test_experiments_analyze" name="test_analyze_excludes_tampered_external_run_from_duration_stats" time="0.033" /><testcase classname="tests.test_experiments_analyze" name="test_analyze_excludes_unsealed_external_run_from_duration_stats" time="0.014" /><testcase classname="tests.test_experiments_analyze" name="test_acceptance_identity_matches_plan" time="0.001" /><testcase classname="tests.test_experiments_analyze" name="test_acceptance_identity_detects_duplicate_and_missing_run" time="0.001" /><testcase classname="tests.test_experiments_analyze" name="test_acceptance_identity_detects_wrong_seed" time="0.001" /><testcase classname="tests.test_experiments_analyze" name="test_acceptance_identity_detects_unplanned_run" time="0.001" /><testcase classname="tests.test_experiments_analyze" name="test_acceptance_identity_for_load_sweep_is_per_rate" time="0.001" /><testcase classname="tests.test_experiments_analyze" name="test_acceptance_without_plan_keeps_count_check_and_warns" time="0.000" /><testcase classname="tests.test_experiments_analyze" name="test_load_campaign_plan_for_analysis_env_fallback" time="0.009" /><testcase classname="tests.test_experiments_analyze" name="test_load_campaign_plan_for_analysis_reports_problems" time="0.008" /><testcase classname="tests.test_experiments_analyze" name="test_analyze_uses_plan_from_env_var" time="0.020" /><testcase classname="tests.test_experiments_analyze" name="test_analyze_without_plan_warns_identity_not_checked" time="0.013" /><testcase classname="tests.test_experiments_analyze" name="test_analyze_with_unreadable_plan_degrades_with_warning" time="0.012" /><testcase classname="tests.test_experiments_analyze" name="test_per_run_head_gap_columns_from_csvs" time="0.035" /><testcase classname="tests.test_experiments_analyze" name="test_acceptance_soak_head_gap_fails_coverage_criterion" time="0.000" /><testcase classname="tests.test_experiments_analyze" name="test_acceptance_soak_metrics_head_gap_fails_metrics_criterion" time="0.000" /><testcase classname="tests.test_experiments_analyze" name="test_acceptance_soak_missing_head_gap_fails_not_blank" time="0.000" /><testcase classname="tests.test_experiments_analyze" name="test_saturation_metrics_coverage_below_minimum_is_insufficient_evidence" time="0.000" /><testcase classname="tests.test_experiments_analyze" name="test_saturation_head_gap_beyond_cap_is_insufficient_evidence" time="0.000" /><testcase classname="tests.test_experiments_analyze" name="test_saturation_insufficient_evidence_never_hides_a_crossing" time="0.000" /><testcase classname="tests.test_experiments_analyze" name="test_read_resources_csv_validated_counts_every_drop_reason" time="0.006" /><testcase classname="tests.test_experiments_analyze" name="test_read_controller_metrics_csv_validated_counts_every_drop_reason" time="0.007" /><testcase classname="tests.test_experiments_analyze" name="test_per_run_counts_dropped_rows_and_distinct_instants" time="0.013" /><testcase classname="tests.test_experiments_analyze" name="test_read_resources_csv_rejects_non_finite_and_negative_values" time="0.003" /><testcase classname="tests.test_experiments_analyze" name="test_read_controller_metrics_csv_rejects_invalid_counters" time="0.006" /><testcase classname="tests.test_experiments_analyze" name="test_non_finite_resource_sample_neither_crashes_nor_fakes_saturation" time="0.018" /><testcase classname="tests.test_experiments_analyze" name="test_saturation_single_distinct_instant_is_insufficient_evidence" time="0.000" /><testcase classname="tests.test_experiments_analyze" name="test_acceptance_soak_insufficient_distinct_instants_fails" time="0.000" /><testcase classname="tests.test_experiments_analyze" name="test_restart_recovery_evidence_from_sampling_gap" time="0.000" /><testcase classname="tests.test_experiments_analyze" name="test_restart_recovery_evidence_from_counter_reset" time="0.000" /><testcase classname="tests.test_experiments_analyze" name="test_restart_recovery_evidence_absent_when_nothing_happened" time="0.000" /><testcase classname="tests.test_experiments_analyze" name="test_restart_recovery_evidence_unknown_without_instrumentation" time="0.000" /><testcase classname="tests.test_experiments_analyze" name="test_restart_endpoint_reply_is_not_functional_readiness" time="0.001" /><testcase classname="tests.test_experiments_analyze" name="test_restart_functional_recovery_prefers_controller_event_timestamps" time="0.000" /><testcase classname="tests.test_experiments_analyze" name="test_per_run_restart_recovery_columns_from_controller_metrics" time="0.025" /><testcase classname="tests.test_experiments_analyze" name="test_per_run_restart_without_metrics_has_no_recovery_evidence" time="0.018" /><testcase classname="tests.test_experiments_analyze" name="test_acceptance_controller_restart_requires_downtime_evidence" time="0.000" /><testcase classname="tests.test_experiments_analyze" name="test_acceptance_controller_restart_requires_endpoint_recovery_within_bound" time="0.000" /><testcase classname="tests.test_experiments_analyze" name="test_acceptance_controller_restart_requires_bounded_functional_recovery" time="0.000" /><testcase classname="tests.test_experiments_analyze" name="test_acceptance_controller_restart_functional_recovery_is_never_blank" time="0.000" /><testcase classname="tests.test_experiments_analyze" name="test_acceptance_controller_restart_requires_accepted_progress" time="0.000" /><testcase classname="tests.test_experiments_analyze" name="test_acceptance_controller_restart_recovery_criteria_pass_when_demonstrated" time="0.000" /><testcase classname="tests.test_experiments_analyze" name="test_acceptance_controller_restart_without_instrumentation_fails_loudly" time="0.000" /><testcase classname="tests.test_experiments_analyze" name="test_acceptance_end_to_end_controller_restart_recovery_from_files" time="0.061" /><testcase classname="tests.test_experiments_analyze" name="test_acceptance_end_to_end_endpoint_recovery_without_ingestion_fails" time="0.068" /><testcase classname="tests.test_experiments_analyze" name="test_per_run_csv_records_confirmation_deadline_source" time="0.029" /><testcase classname="tests.test_experiments_campaign" name="test_campaign_executes_plan_in_frozen_order_and_logs" time="0.119" /><testcase classname="tests.test_experiments_campaign" name="test_campaign_dry_run_executes_nothing" time="0.007" /><testcase classname="tests.test_experiments_campaign" name="test_campaign_resume_skips_sealed_and_valid_runs" time="0.131" /><testcase classname="tests.test_experiments_campaign" name="test_campaign_start_from_resumes_midway" time="0.072" /><testcase classname="tests.test_experiments_campaign" name="test_campaign_start_from_unknown_run_id_exits_2" time="0.007" /><testcase classname="tests.test_experiments_campaign" name="test_campaign_only_conditions_filters_without_reordering" time="0.097" /><testcase classname="tests.test_experiments_campaign" name="test_campaign_only_conditions_unknown_exits_2" time="0.034" /><testcase classname="tests.test_experiments_campaign" name="test_campaign_stops_at_first_invalid_run" time="0.027" /><testcase classname="tests.test_experiments_campaign" name="test_campaign_continue_on_invalid_records_and_moves_on" time="0.090" /><testcase classname="tests.test_experiments_campaign" name="test_campaign_honors_plan_cooldown" time="0.094" /><testcase classname="tests.test_experiments_campaign" name="test_campaign_no_cooldown_skips_sleep_and_records_deviation_on_following_run" time="0.093" /><testcase classname="tests.test_experiments_campaign" name="test_campaign_drives_the_collector_hooks_per_run" time="0.535" /><testcase classname="tests.test_experiments_campaign" name="test_campaign_stops_when_a_collector_hook_fails" time="0.175" /><testcase classname="tests.test_experiments_campaign" name="test_campaign_resume_verifies_checksums_before_skipping" time="0.128" /><testcase classname="tests.test_experiments_campaign" name="test_campaign_resume_integrity_failure_ignores_continue_on_invalid" time="0.121" /><testcase classname="tests.test_experiments_campaign" name="test_full_campaign_with_pending_external_runs_exits_1" time="0.113" /><testcase classname="tests.test_experiments_campaign" name="test_filtered_campaign_may_exit_0_while_stating_what_remains" time="0.108" /><testcase classname="tests.test_experiments_campaign" name="test_start_from_does_not_discharge_the_external_runs_it_skips" time="0.066" /><testcase classname="tests.test_experiments_campaign" name="test_start_from_is_clean_once_the_skipped_external_evidence_is_sealed" time="0.084" /><testcase classname="tests.test_experiments_campaign" name="test_blocked_run_guidance_does_not_imply_start_from_discharges_the_work" time="0.009" /><testcase classname="tests.test_experiments_campaign" name="test_campaign_is_clean_once_the_external_evidence_is_ingested" time="0.162" /><testcase classname="tests.test_experiments_campaign" name="test_cli_campaign_dry_run" time="0.009" /><testcase classname="tests.test_experiments_campaign" name="test_cli_campaign_parser_accepts_run_level_passthrough" time="0.001" /><testcase classname="tests.test_experiments_checksums" name="test_write_and_verify_round_trip" time="0.013" /><testcase classname="tests.test_experiments_checksums" name="test_sums_format_is_sha256_two_spaces_relative_posix_path" time="0.008" /><testcase classname="tests.test_experiments_checksums" name="test_verify_detects_tampering" time="0.009" /><testcase classname="tests.test_experiments_checksums" name="test_verify_detects_missing_and_unlisted_files" time="0.010" /><testcase classname="tests.test_experiments_checksums" name="test_verify_reports_absent_sums_file" time="0.005" /><testcase classname="tests.test_experiments_checksums" name="test_verify_reports_malformed_lines" time="0.012" /><testcase classname="tests.test_experiments_cli" name="test_plan_twice_without_force_exits_2" time="0.007" /><testcase classname="tests.test_experiments_cli" name="test_verify_checksums_exits_1_on_tampered_run_dir" time="0.016" /><testcase classname="tests.test_experiments_cli" name="test_verify_checksums_exits_2_on_missing_base_dir" time="0.003" /><testcase classname="tests.test_experiments_cli" name="test_run_with_external_condition_run_id_exits_2" time="0.011" /><testcase classname="tests.test_experiments_cli" name="test_run_parser_accepts_collection_and_hook_flags" time="0.001" /><testcase classname="tests.test_experiments_cli" name="test_run_parser_deviation_flags_default_false" time="0.001" /><testcase classname="tests.test_experiments_cli" name="test_run_parser_accepts_collector_hooks_and_marker_override" time="0.001" /><testcase classname="tests.test_experiments_cli" name="test_campaign_parser_accepts_collector_hooks_and_marker_override" time="0.001" /><testcase classname="tests.test_experiments_cli" name="test_p5_flags_default_to_off" time="0.001" /><testcase classname="tests.test_experiments_cli" name="test_analyze_parser_takes_plan_defaulting_to_the_frozen_plan" time="0.002" /><testcase classname="tests.test_experiments_cli" name="test_analyze_usage_and_help_document_plan_and_env_fallback" time="0.001" /><testcase classname="tests.test_experiments_cli" name="test_analyze_cli_forwards_plan_to_identity_completeness" time="0.015" /><testcase classname="tests.test_experiments_cli" name="test_analyze_cli_without_an_existing_plan_degrades_to_counts" time="0.007" /><testcase classname="tests.test_experiments_cli" name="test_analyze_cli_absent_default_plan_falls_back_to_env_var" time="0.020" /><testcase classname="tests.test_experiments_cli" name="test_collect_on_missing_run_dir_exits_2" time="0.004" /><testcase classname="tests.test_experiments_plan" name="test_protocol_conditions_match_plan_7_1" time="0.000" /><testcase classname="tests.test_experiments_plan" name="test_missing_conditions_added_per_audit_9_5" time="0.000" /><testcase classname="tests.test_experiments_plan" name="test_timed_conditions_are_exactly_the_simulator_driven_ones" time="0.000" /><testcase classname="tests.test_experiments_plan" name="test_condition_claim_map_covers_audit_claims" time="0.000" /><testcase classname="tests.test_experiments_plan" name="test_plan_is_deterministic_for_same_master_seed" time="0.002" /><testcase classname="tests.test_experiments_plan" name="test_load_sweep_order_is_randomized_and_stable_per_seed" time="0.002" /><testcase classname="tests.test_experiments_plan" name="test_plan_enumerates_all_runs_with_unique_ids_and_orders" time="0.001" /><testcase classname="tests.test_experiments_plan" name="test_per_run_seeds_are_deterministic_and_distinct" time="0.001" /><testcase classname="tests.test_experiments_plan" name="test_plan_write_and_load_round_trip" time="0.011" /><testcase classname="tests.test_experiments_run" name="test_fetch_events_via_cmd_retries_backoff_and_placeholders" time="0.159" /><testcase classname="tests.test_experiments_run" name="test_fetch_failure_keeps_run_recoverable_no_sha256sums" time="0.116" /><testcase classname="tests.test_experiments_run" name="test_fetch_template_from_environment_variable" time="0.089" /><testcase classname="tests.test_experiments_run" name="test_timed_run_without_sut_env_and_resources_is_invalid" time="0.033" /><testcase classname="tests.test_experiments_run" name="test_timed_run_with_ingested_sut_evidence_is_valid" time="0.050" /><testcase classname="tests.test_experiments_run" name="test_allow_missing_flags_record_deliberate_decision" time="0.040" /><testcase classname="tests.test_experiments_run" name="test_resources_from_and_local_resources_mutually_exclusive" time="0.010" /><testcase classname="tests.test_experiments_run" name="test_existing_run_dir_refused_with_collect_hint" time="0.011" /><testcase classname="tests.test_experiments_run" name="test_ingest_resources_validation_rejects_bad_files" time="0.016" /><testcase classname="tests.test_experiments_run" name="test_ingest_resources_without_sut_node_skips_host_match" time="0.009" /><testcase classname="tests.test_experiments_run" name="test_local_resources_timed_run_is_invalid" time="0.041" /><testcase classname="tests.test_experiments_run" name="test_local_resources_with_override_is_valid_and_recorded" time="0.057" /><testcase classname="tests.test_experiments_run" name="test_sut_env_missing_required_fields_is_invalid" time="0.043" /><testcase classname="tests.test_experiments_run" name="test_sut_env_missing_fields_override_records_deviation" time="0.049" /><testcase classname="tests.test_experiments_run" name="test_simulator_nonzero_exit_is_invalid" time="0.047" /><testcase classname="tests.test_experiments_run" name="test_warmup_failure_is_invalid_without_allow_flag" time="0.056" /><testcase classname="tests.test_experiments_run" name="test_warmup_failure_with_allow_flag_is_valid_with_deviation" time="0.045" /><testcase classname="tests.test_experiments_run" name="test_skip_warmup_on_nominal_is_invalid_without_authorization" time="0.040" /><testcase classname="tests.test_experiments_run" name="test_skip_warmup_with_allow_protocol_deviation_is_valid" time="0.041" /><testcase classname="tests.test_experiments_run" name="test_skip_warmup_on_smoke_records_deviation_but_stays_valid" time="0.039" /><testcase classname="tests.test_experiments_run" name="test_collect_recovers_events_and_writes_sha256sums" time="0.108" /><testcase classname="tests.test_experiments_run" name="test_collect_still_failing_withholds_sha256sums" time="0.032" /><testcase classname="tests.test_experiments_run" name="test_collect_on_missing_run_dir_exits_2" time="0.003" /><testcase classname="tests.test_experiments_run" name="test_restart_cmd_executed_once_and_recorded" time="1.053" /><testcase classname="tests.test_experiments_run" name="test_controller_restart_run_without_fired_restart_is_invalid" time="0.042" /><testcase classname="tests.test_experiments_run" name="test_external_run_ingested_with_standard_manifest_and_sums" time="0.106" /><testcase classname="tests.test_experiments_run" name="test_external_run_id_mismatch_rejected" time="0.011" /><testcase classname="tests.test_experiments_run" name="test_qemu_boot_run_accepts_singular_condition_prefix" time="0.029" /><testcase classname="tests.test_experiments_run" name="test_external_timings_on_simulator_run_rejected" time="0.009" /><testcase classname="tests.test_experiments_run" name="test_load_external_timings_validates_structure" time="0.008" /><testcase classname="tests.test_experiments_run" name="test_load_external_timings_rejects_bool_and_non_finite_duration[True-True]" time="0.007" /><testcase classname="tests.test_experiments_run" name="test_load_external_timings_rejects_bool_and_non_finite_duration[nan-nan]" time="0.004" /><testcase classname="tests.test_experiments_run" name="test_load_external_timings_rejects_bool_and_non_finite_duration[inf-inf]" time="0.004" /><testcase classname="tests.test_experiments_run" name="test_load_external_timings_rejects_bool_and_non_finite_duration[-inf--inf]" time="0.007" /><testcase classname="tests.test_experiments_run" name="test_load_external_timings_rejects_duration_too_large_for_a_float" time="0.004" /><testcase classname="tests.test_experiments_run" name="test_external_run_with_non_finite_duration_is_never_sealed" time="0.010" /><testcase classname="tests.test_experiments_run" name="test_qemu_boot_sample_without_outcome_is_rejected" time="0.009" /><testcase classname="tests.test_experiments_run" name="test_qemu_boot_sample_with_unrecognised_outcome_is_rejected[None]" time="0.009" /><testcase classname="tests.test_experiments_run" name="test_qemu_boot_sample_with_unrecognised_outcome_is_rejected[]" time="0.009" /><testcase classname="tests.test_experiments_run" name="test_qemu_boot_sample_with_unrecognised_outcome_is_rejected[ok]" time="0.013" /><testcase classname="tests.test_experiments_run" name="test_qemu_boot_sample_with_unrecognised_outcome_is_rejected[PASS]" time="0.011" /><testcase classname="tests.test_experiments_run" name="test_qemu_boot_sample_with_unrecognised_outcome_is_rejected[passed]" time="0.009" /><testcase classname="tests.test_experiments_run" name="test_qemu_boot_sample_with_unrecognised_outcome_is_rejected[True]" time="0.009" /><testcase classname="tests.test_experiments_run" name="test_qemu_boot_sample_with_unrecognised_outcome_is_rejected[1]" time="0.011" /><testcase classname="tests.test_experiments_run" name="test_qemu_boot_outcomes_accepted_are_exactly_those_the_analysis_reads" time="0.067" /><testcase classname="tests.test_experiments_run" name="test_timed_external_conditions_keep_their_existing_requirements" time="0.027" /><testcase classname="tests.test_experiments_run" name="test_warmup_uses_distinct_run_id_and_same_seed" time="0.044" /><testcase classname="tests.test_experiments_run" name="test_sent_events_collected_from_real_simulator_layout" time="0.040" /><testcase classname="tests.test_experiments_run" name="test_run_refuses_sealed_run_dir" time="0.047" /><testcase classname="tests.test_experiments_run" name="test_collect_refuses_resources_overwrite_with_different_content" time="0.054" /><testcase classname="tests.test_experiments_run" name="test_collect_identical_resources_recopy_is_noop" time="0.076" /><testcase classname="tests.test_experiments_run" name="test_collect_refuses_events_refetch_with_different_content" time="0.107" /><testcase classname="tests.test_experiments_run" name="test_collect_identical_events_refetch_is_noop" time="0.138" /><testcase classname="tests.test_experiments_run" name="test_collect_on_tampered_sealed_dir_refuses_naming_path" time="0.049" /><testcase classname="tests.test_experiments_run" name="test_collect_adds_missing_file_to_sealed_dir_with_history" time="0.110" /><testcase classname="tests.test_experiments_run" name="test_external_reingest_refused_mentions_sealed" time="0.039" /><testcase classname="tests.test_experiments_run" name="test_collector_hooks_run_in_order_and_produce_ingested_resources" time="0.181" /><testcase classname="tests.test_experiments_run" name="test_collector_hook_nonzero_exit_invalidates_run_naming_the_hook" time="0.179" /><testcase classname="tests.test_experiments_run" name="test_collector_fetch_cmd_and_resources_from_are_mutually_exclusive" time="0.010" /><testcase classname="tests.test_experiments_run" name="test_no_collector_hooks_preserves_todays_behaviour" time="0.042" /><testcase classname="tests.test_experiments_run" name="test_controller_marker_recorded_and_deadline_is_controller_domain" time="4.103" /><testcase classname="tests.test_experiments_run" name="test_missing_controller_marker_invalidates_timed_run" time="0.047" /><testcase classname="tests.test_experiments_run" name="test_allow_missing_controller_marker_records_the_deviation" time="0.043" /><testcase classname="tests.test_experiments_run" name="test_controller_marker_poll_failure_is_recorded_not_raised" time="4.054" /><testcase classname="tests.test_experiments_run" name="test_poll_controller_marker_rejects_a_payload_without_monotonic_ns" time="0.000" /><testcase classname="tests.test_experiments_run" name="test_controller_marker_is_polled_before_the_samplers_are_joined" time="4.062" /><testcase classname="tests.test_experiments_run" name="test_controller_marker_lag_is_recorded_in_the_manifest" time="4.086" /><testcase classname="tests.test_experiments_run" name="test_a_late_controller_marker_poll_is_warned_and_recorded_as_a_deviation" time="4.070" /><testcase classname="tests.test_experiments_run" name="test_missing_sent_events_invalidates_and_withholds_the_seal" time="0.036" /><testcase classname="tests.test_experiments_run" name="test_controller_metrics_are_mandatory_where_the_protocol_mandates_them" time="0.041" /><testcase classname="tests.test_experiments_run" name="test_mandatory_artifacts_respect_the_allow_missing_resources_override" time="0.036" /><testcase classname="tests.test_experiments_run" name="test_validate_resources_csv_requires_parseable_timestamps" time="0.006" /><testcase classname="tests.test_experiments_run" name="test_validate_resources_csv_requires_distinct_sample_instants" time="0.006" /><testcase classname="tests.test_experiments_run" name="test_validate_resources_csv_requires_non_decreasing_timestamps" time="0.007" /><testcase classname="tests.test_experiments_run" name="test_validate_resources_csv_requires_numeric_cpu_and_memory" time="0.006" /><testcase classname="tests.test_experiments_run" name="test_validate_resources_csv_requires_complete_columns" time="0.006" /><testcase classname="tests.test_experiments_run" name="test_validate_resources_csv_checks_coverage_of_the_measured_window" time="0.004" /><testcase classname="tests.test_experiments_run" name="test_validate_resources_csv_rejects_non_finite_values" time="0.006" /><testcase classname="tests.test_experiments_run" name="test_validate_resources_csv_rejects_negative_values" time="0.007" /><testcase classname="tests.test_experiments_run" name="test_a_non_finite_resources_csv_is_not_ingestible" time="0.034" /><testcase classname="tests.test_experiments_run" name="test_fetch_metrics_rejects_the_json_non_finite_constants" time="0.000" /><testcase classname="tests.test_experiments_run" name="test_metrics_sampler_writes_empty_for_non_finite_or_negative_counters" time="0.008" /><testcase classname="tests.test_schemas" name="test_schema_parses_and_is_valid_2020_12[telemetry-envelope-v1.schema.json]" time="0.007" /><testcase classname="tests.test_schemas" name="test_schema_parses_and_is_valid_2020_12[smartwatch-v1.schema.json]" time="0.007" /><testcase classname="tests.test_schemas" name="test_schema_parses_and_is_valid_2020_12[smart-ring-v1.schema.json]" time="0.007" /><testcase classname="tests.test_schemas" name="test_schema_parses_and_is_valid_2020_12[smart-clothing-v1.schema.json]" time="0.006" /><testcase classname="tests.test_schemas" name="test_device_schema_is_closed_and_refs_envelope[smart_clothing]" time="0.001" /><testcase classname="tests.test_schemas" name="test_device_schema_is_closed_and_refs_envelope[smart_ring]" time="0.000" /><testcase classname="tests.test_schemas" name="test_device_schema_is_closed_and_refs_envelope[smartwatch]" time="0.000" /><testcase classname="tests.test_schemas" name="test_envelope_required_matches_contracts" time="0.000" /><testcase classname="tests.test_schemas" name="test_known_good_sample_validates[smart_clothing]" time="0.001" /><testcase classname="tests.test_schemas" name="test_known_good_sample_validates[smart_ring]" time="0.001" /><testcase classname="tests.test_schemas" name="test_known_good_sample_validates[smartwatch]" time="0.001" /><testcase classname="tests.test_schemas" name="test_out_of_range_value_rejected[smartwatch-heart_rate_bpm-24]" time="0.001" /><testcase classname="tests.test_schemas" name="test_out_of_range_value_rejected[smartwatch-heart_rate_bpm-251]" time="0.000" /><testcase classname="tests.test_schemas" name="test_out_of_range_value_rejected[smartwatch-heart_rate_bpm-72.5]" time="0.001" /><testcase classname="tests.test_schemas" name="test_out_of_range_value_rejected[smartwatch-lat--90.1]" time="0.000" /><testcase classname="tests.test_schemas" name="test_out_of_range_value_rejected[smartwatch-lat-90.1]" time="0.001" /><testcase classname="tests.test_schemas" name="test_out_of_range_value_rejected[smartwatch-lon--180.5]" time="0.001" /><testcase classname="tests.test_schemas" name="test_out_of_range_value_rejected[smartwatch-lon-180.5]" time="0.000" /><testcase classname="tests.test_schemas" name="test_out_of_range_value_rejected[smart_ring-skin_temp_c-29.9]" time="0.000" /><testcase classname="tests.test_schemas" name="test_out_of_range_value_rejected[smart_ring-skin_temp_c-43.1]" time="0.000" /><testcase classname="tests.test_schemas" name="test_out_of_range_value_rejected[smart_ring-spo2_pct-49]" time="0.000" /><testcase classname="tests.test_schemas" name="test_out_of_range_value_rejected[smart_ring-spo2_pct-101]" time="0.001" /><testcase classname="tests.test_schemas" name="test_out_of_range_value_rejected[smart_ring-spo2_pct-97.5]" time="0.001" /><testcase classname="tests.test_schemas" name="test_out_of_range_value_rejected[smart_clothing-accel_x--78.5]" time="0.001" /><testcase classname="tests.test_schemas" name="test_out_of_range_value_rejected[smart_clothing-accel_y-78.5]" time="0.000" /><testcase classname="tests.test_schemas" name="test_out_of_range_value_rejected[smart_clothing-accel_z-100.0]" time="0.001" /><testcase classname="tests.test_schemas" name="test_out_of_range_value_rejected[smart_clothing-breathing_rpm-3.9]" time="0.001" /><testcase classname="tests.test_schemas" name="test_out_of_range_value_rejected[smart_clothing-breathing_rpm-60.1]" time="0.001" /><testcase classname="tests.test_schemas" name="test_extra_field_rejected[smart_clothing]" time="0.000" /><testcase classname="tests.test_schemas" name="test_extra_field_rejected[smart_ring]" time="0.000" /><testcase classname="tests.test_schemas" name="test_extra_field_rejected[smartwatch]" time="0.001" /><testcase classname="tests.test_schemas" name="test_foreign_measurement_field_rejected[smartwatch-spo2_pct-97]" time="0.001" /><testcase classname="tests.test_schemas" name="test_foreign_measurement_field_rejected[smart_ring-heart_rate_bpm-72]" time="0.001" /><testcase classname="tests.test_schemas" name="test_foreign_measurement_field_rejected[smart_clothing-skin_temp_c-33.5]" time="0.001" /><testcase classname="tests.test_schemas" name="test_missing_measurement_field_rejected[smartwatch-heart_rate_bpm]" time="0.000" /><testcase classname="tests.test_schemas" name="test_missing_measurement_field_rejected[smartwatch-lat]" time="0.001" /><testcase classname="tests.test_schemas" name="test_missing_measurement_field_rejected[smartwatch-lon]" time="0.001" /><testcase classname="tests.test_schemas" name="test_missing_measurement_field_rejected[smart_ring-skin_temp_c]" time="0.001" /><testcase classname="tests.test_schemas" name="test_missing_measurement_field_rejected[smart_ring-spo2_pct]" time="0.000" /><testcase classname="tests.test_schemas" name="test_missing_measurement_field_rejected[smart_clothing-accel_x]" time="0.000" /><testcase classname="tests.test_schemas" name="test_missing_measurement_field_rejected[smart_clothing-accel_y]" time="0.000" /><testcase classname="tests.test_schemas" name="test_missing_measurement_field_rejected[smart_clothing-accel_z]" time="0.001" /><testcase classname="tests.test_schemas" name="test_missing_measurement_field_rejected[smart_clothing-breathing_rpm]" time="0.000" /><testcase classname="tests.test_schemas" name="test_missing_envelope_field_rejected[smart_clothing-schema_version]" time="0.001" /><testcase classname="tests.test_schemas" name="test_missing_envelope_field_rejected[smart_clothing-run_id]" time="0.000" /><testcase classname="tests.test_schemas" name="test_missing_envelope_field_rejected[smart_clothing-message_id]" time="0.000" /><testcase classname="tests.test_schemas" name="test_missing_envelope_field_rejected[smart_clothing-seq]" time="0.000" /><testcase classname="tests.test_schemas" name="test_missing_envelope_field_rejected[smart_clothing-ts]" time="0.001" /><testcase classname="tests.test_schemas" name="test_missing_envelope_field_rejected[smart_clothing-egw_id]" time="0.000" /><testcase classname="tests.test_schemas" name="test_missing_envelope_field_rejected[smart_clothing-device_uuid]" time="0.000" /><testcase classname="tests.test_schemas" name="test_missing_envelope_field_rejected[smart_clothing-device_type]" time="0.000" /><testcase classname="tests.test_schemas" name="test_missing_envelope_field_rejected[smart_ring-schema_version]" time="0.000" /><testcase classname="tests.test_schemas" name="test_missing_envelope_field_rejected[smart_ring-run_id]" time="0.000" /><testcase classname="tests.test_schemas" name="test_missing_envelope_field_rejected[smart_ring-message_id]" time="0.000" /><testcase classname="tests.test_schemas" name="test_missing_envelope_field_rejected[smart_ring-seq]" time="0.001" /><testcase classname="tests.test_schemas" name="test_missing_envelope_field_rejected[smart_ring-ts]" time="0.000" /><testcase classname="tests.test_schemas" name="test_missing_envelope_field_rejected[smart_ring-egw_id]" time="0.000" /><testcase classname="tests.test_schemas" name="test_missing_envelope_field_rejected[smart_ring-device_uuid]" time="0.000" /><testcase classname="tests.test_schemas" name="test_missing_envelope_field_rejected[smart_ring-device_type]" time="0.000" /><testcase classname="tests.test_schemas" name="test_missing_envelope_field_rejected[smartwatch-schema_version]" time="0.001" /><testcase classname="tests.test_schemas" name="test_missing_envelope_field_rejected[smartwatch-run_id]" time="0.001" /><testcase classname="tests.test_schemas" name="test_missing_envelope_field_rejected[smartwatch-message_id]" time="0.000" /><testcase classname="tests.test_schemas" name="test_missing_envelope_field_rejected[smartwatch-seq]" time="0.000" /><testcase classname="tests.test_schemas" name="test_missing_envelope_field_rejected[smartwatch-ts]" time="0.000" /><testcase classname="tests.test_schemas" name="test_missing_envelope_field_rejected[smartwatch-egw_id]" time="0.000" /><testcase classname="tests.test_schemas" name="test_missing_envelope_field_rejected[smartwatch-device_uuid]" time="0.000" /><testcase classname="tests.test_schemas" name="test_missing_envelope_field_rejected[smartwatch-device_type]" time="0.001" /><testcase classname="tests.test_schemas" name="test_wrong_device_type_rejected[smart_clothing]" time="0.000" /><testcase classname="tests.test_schemas" name="test_wrong_device_type_rejected[smart_ring]" time="0.000" /><testcase classname="tests.test_schemas" name="test_wrong_device_type_rejected[smartwatch]" time="0.000" /><testcase classname="tests.test_schemas" name="test_derived_message_id_is_uuid_v5" time="0.000" /><testcase classname="tests.test_schemas" name="test_message_id_must_be_uuid_v5_not_v4" time="0.000" /><testcase classname="tests.test_schemas" name="test_message_id_uppercase_rejected" time="0.000" /><testcase classname="tests.test_schemas" name="test_device_uuid_must_be_uuid_v4_not_v5" time="0.000" /><testcase classname="tests.test_schemas" name="test_device_uuid_v4_accepted_in_envelope" time="0.000" /><testcase classname="tests.test_simulator_cli" name="test_reference_command_parses_with_exact_flags" time="0.001" /><testcase classname="tests.test_simulator_cli" name="test_reference_command_resolves_to_config" time="0.001" /><testcase classname="tests.test_simulator_cli" name="test_defaults_and_generated_run_id" time="0.001" /><testcase classname="tests.test_simulator_cli" name="test_default_run_id_shape_is_stable" time="0.000" /><testcase classname="tests.test_simulator_cli" name="test_scenario_default_durations[smoke-30.0]" time="0.001" /><testcase classname="tests.test_simulator_cli" name="test_scenario_default_durations[nominal-600.0]" time="0.001" /><testcase classname="tests.test_simulator_cli" name="test_scenario_default_durations[soak-86400.0]" time="0.001" /><testcase classname="tests.test_simulator_cli" name="test_load_sweep_requires_rate" time="0.001" /><testcase classname="tests.test_simulator_cli" name="test_no_tls_allowed_only_for_localhost" time="0.001" /><testcase classname="tests.test_simulator_cli" name="test_device_subset_and_rejections" time="0.001" /><testcase classname="tests.test_simulator_cli" name="test_invalid_run_id_and_scenario_rejected" time="0.001" /><testcase classname="tests.test_simulator_cli" name="test_main_passes_flags_to_publisher_and_closes_it" time="0.038" /><testcase classname="tests.test_simulator_cli" name="test_main_no_tls_flag_reaches_publisher" time="0.027" /><testcase classname="tests.test_simulator_cli" name="test_main_returns_nonzero_on_connect_failure" time="0.002" /><testcase classname="tests.test_simulator_cli" name="test_main_keyboard_interrupt_exits_130_with_partial_outputs" time="0.034" /><testcase classname="tests.test_simulator_core" name="test_uuid_namespace_exact_contract_value" time="0.000" /><testcase classname="tests.test_simulator_core" name="test_message_id_is_reproducible_uuid5" time="0.000" /><testcase classname="tests.test_simulator_core" name="test_rfc3339_utc_ms_format" time="0.000" /><testcase classname="tests.test_simulator_core" name="test_rfc3339_utc_ms_rejects_naive_datetime" time="0.000" /><testcase classname="tests.test_simulator_core" name="test_build_envelope_fields" time="0.000" /><testcase classname="tests.test_simulator_core" name="test_device_uuids_stable_for_same_seed" time="0.000" /><testcase classname="tests.test_simulator_core" name="test_device_uuids_differ_across_seeds" time="0.000" /><testcase classname="tests.test_simulator_core" name="test_rate_split_contract_example" time="0.000" /><testcase classname="tests.test_simulator_core" name="test_rate_split_is_proportional" time="0.000" /><testcase classname="tests.test_simulator_core" name="test_rate_split_subset_renormalised" time="0.000" /><testcase classname="tests.test_simulator_core" name="test_rate_split_rejects_bad_input" time="0.000" /><testcase classname="tests.test_simulator_core" name="test_nominal_rates_match_contract" time="0.000" /><testcase classname="tests.test_simulator_core" name="test_payload_streams_identical_for_same_seed" time="0.002" /><testcase classname="tests.test_simulator_core" name="test_payload_streams_differ_across_seeds" time="0.002" /><testcase classname="tests.test_simulator_core" name="test_all_nominal_payloads_validate_against_schemas" time="0.025" /><testcase classname="tests.test_simulator_core" name="test_measurement_values_stay_inside_design_bounds" time="0.002" /><testcase classname="tests.test_simulator_core" name="test_scenario_registry_matches_contract" time="0.000" /><testcase classname="tests.test_simulator_core" name="test_dropout_windows_deterministic_and_bounded" time="0.000" /><testcase classname="tests.test_simulator_core" name="test_dropout_windows_vary_with_seed_not_wall_clock" time="0.000" /><testcase classname="tests.test_simulator_core" name="test_in_window_half_open_membership" time="0.000" /><testcase classname="tests.test_simulator_core" name="test_invalid_injector_positions_deterministic" time="0.000" /><testcase classname="tests.test_simulator_core" name="test_invalid_mutations_fail_validation_and_are_deterministic" time="0.004" /><testcase classname="tests.test_simulator_runner" name="test_smoke_run_topics_payloads_and_outputs" time="0.041" /><testcase classname="tests.test_simulator_runner" name="test_smoke_run_manifest_contents" time="0.038" /><testcase classname="tests.test_simulator_runner" name="test_non_dropout_scenarios_never_touch_the_connection[nominal]" time="0.032" /><testcase classname="tests.test_simulator_runner" name="test_non_dropout_scenarios_never_touch_the_connection[smoke]" time="0.031" /><testcase classname="tests.test_simulator_runner" name="test_runner_is_deterministic_across_runs" time="0.079" /><testcase classname="tests.test_simulator_runner" name="test_invalid_payload_run_marks_exactly_the_injected_events" time="0.115" /><testcase classname="tests.test_simulator_runner" name="test_dropout_run_buffers_window_events_and_flushes_in_order" time="0.342" /><testcase classname="tests.test_simulator_runner" name="test_dropout_run_is_deterministic_per_seed" time="0.373" /><testcase classname="tests.test_simulator_runner" name="test_dropout_manifest_records_buffered_redelivery_scope_note" time="0.048" /><testcase classname="tests.test_simulator_runner" name="test_delayed_acks_never_throttle_the_schedule" time="0.082" /><testcase classname="tests.test_simulator_runner" name="test_fast_acks_are_captured_within_the_budget" time="0.038" /><testcase classname="tests.test_simulator_runner" name="test_drain_can_be_disabled" time="0.029" /><testcase classname="tests.test_simulator_runner" name="test_paho_drain_settles_acked_and_failed_messages" time="0.000" /><testcase classname="tests.test_simulator_runner" name="test_run_config_rejects_path_escaping_run_id[../x]" time="0.002" /><testcase classname="tests.test_simulator_runner" name="test_run_config_rejects_path_escaping_run_id[a/b]" time="0.002" /><testcase classname="tests.test_simulator_runner" name="test_run_config_rejects_path_escaping_run_id[run id]" time="0.001" /><testcase classname="tests.test_simulator_runner" name="test_run_config_rejects_path_escaping_run_id[]" time="0.002" /><testcase classname="tests.test_simulator_runner" name="test_run_config_rejects_path_escaping_run_id[xxxxxxxxxxxxxxxxxxxxxxxxxxxxxxxxxxxxxxxxxxxxxxxxxxxxxxxxxxxxxxxxx]" time="0.001" /><testcase classname="tests.test_simulator_runner" name="test_run_config_rejects_topic_corrupting_egw_id[../x]" time="0.002" /><testcase classname="tests.test_simulator_runner" name="test_run_config_rejects_topic_corrupting_egw_id[egw/01]" time="0.001" /><testcase classname="tests.test_simulator_runner" name="test_run_config_rejects_topic_corrupting_egw_id[egw 01]" time="0.001" /><testcase classname="tests.test_simulator_runner" name="test_run_config_rejects_topic_corrupting_egw_id[]" time="0.002" /><testcase classname="tests.test_simulator_runner" name="test_run_config_rejects_topic_corrupting_egw_id[eeeeeeeeeeeeeeeeeeeeeeeeeeeeeeeeeeeeeeeeeeeeeeeeeeeeeeeeeeeeeeeee]" time="0.001" /><testcase classname="tests.test_simulator_runner" name="test_run_revalidates_ids_on_duck_typed_config" time="0.002" /><testcase classname="tests.test_simulator_runner" name="test_sent_events_writer_enforces_exact_fields" time="0.006" /><testcase classname="tests.test_things" name="test_td_parses_with_title_and_version[smart-clothing.td.json]" time="0.006" /><testcase classname="tests.test_things" name="test_td_parses_with_title_and_version[smart-ring.td.json]" time="0.007" /><testcase classname="tests.test_things" name="test_td_parses_with_title_and_version[smartwatch.td.json]" time="0.006" /><testcase classname="tests.test_things" name="test_td_context_is_wot_td_11[smart-clothing.td.json]" time="0.000" /><testcase classname="tests.test_things" name="test_td_context_is_wot_td_11[smart-ring.td.json]" time="0.000" /><testcase classname="tests.test_things" name="test_td_context_is_wot_td_11[smartwatch.td.json]" time="0.000" /><testcase classname="tests.test_things" name="test_td_contains_no_nosec[smart-clothing.td.json]" time="0.000" /><testcase classname="tests.test_things" name="test_td_contains_no_nosec[smart-ring.td.json]" time="0.000" /><testcase classname="tests.test_things" name="test_td_contains_no_nosec[smartwatch.td.json]" time="0.000" /><testcase classname="tests.test_things" name="test_td_uses_basic_security_scheme[smart-clothing.td.json]" time="0.000" /><testcase classname="tests.test_things" name="test_td_uses_basic_security_scheme[smart-ring.td.json]" time="0.001" /><testcase classname="tests.test_things" name="test_td_uses_basic_security_scheme[smartwatch.td.json]" time="0.000" /><testcase classname="tests.test_things" name="test_td_properties_match_schema_fields_exactly[smart-clothing.td.json]" time="0.000" /><testcase classname="tests.test_things" name="test_td_properties_match_schema_fields_exactly[smart-ring.td.json]" time="0.000" /><testcase classname="tests.test_things" name="test_td_properties_match_schema_fields_exactly[smartwatch.td.json]" time="0.000" /><testcase classname="tests.test_things" name="test_td_property_types_and_bounds_match_schema[smart-clothing.td.json]" time="0.000" /><testcase classname="tests.test_things" name="test_td_property_types_and_bounds_match_schema[smart-ring.td.json]" time="0.001" /><testcase classname="tests.test_things" name="test_td_property_types_and_bounds_match_schema[smartwatch.td.json]" time="0.000" /><testcase classname="tests.test_things" name="test_td_properties_read_only_with_unit[smart-clothing.td.json]" time="0.000" /><testcase classname="tests.test_things" name="test_td_properties_read_only_with_unit[smart-ring.td.json]" time="0.000" /><testcase classname="tests.test_things" name="test_td_properties_read_only_with_unit[smartwatch.td.json]" time="0.000" /><testcase classname="tests.test_things" name="test_all_forms_use_mqtts_and_contract_topic[smart-clothing.td.json]" time="0.000" /><testcase classname="tests.test_things" name="test_all_forms_use_mqtts_and_contract_topic[smart-ring.td.json]" time="0.001" /><testcase classname="tests.test_things" name="test_all_forms_use_mqtts_and_contract_topic[smartwatch.td.json]" time="0.000" /><testcase classname="tests.test_things" name="test_every_property_has_a_form[smart-clothing.td.json]" time="0.000" /><testcase classname="tests.test_things" name="test_every_property_has_a_form[smart-ring.td.json]" time="0.000" /><testcase classname="tests.test_things" name="test_every_property_has_a_form[smartwatch.td.json]" time="0.000" /><testcase classname="tests.test_things" name="test_telemetry_event_form[smart-clothing.td.json]" time="0.000" /><testcase classname="tests.test_things" name="test_telemetry_event_form[smart-ring.td.json]" time="0.001" /><testcase classname="tests.test_things" name="test_telemetry_event_form[smartwatch.td.json]" time="0.000" /><testcase classname="tests.test_things" name="test_uri_variables_declared_for_topic_template[smart-clothing.td.json]" time="0.000" /><testcase classname="tests.test_things" name="test_uri_variables_declared_for_topic_template[smart-ring.td.json]" time="0.000" /><testcase classname="tests.test_things" name="test_uri_variables_declared_for_topic_template[smartwatch.td.json]" time="0.000" /><testcase classname="tests.test_things" name="test_td_links_to_schema_id[smart-clothing.td.json]" time="0.000" /><testcase classname="tests.test_things" name="test_td_links_to_schema_id[smart-ring.td.json]" time="0.001" /><testcase classname="tests.test_things" name="test_td_links_to_schema_id[smartwatch.td.json]" time="0.001" /></testsuite></testsuites>